{
  "RSpec": {
    "coverage": {
      "/Users/ericchen/code/fakerio/app/controllers/api/v1/base_controller.rb": [
        1,
        null,
        1,
        null,
        1,
        1,
        null,
        1,
        null,
        1,
        5,
        null,
        null,
        5,
        null,
        null,
        null,
        null,
        null,
        5,
        5,
        null,
        null,
        null,
        null
      ],
      "/Users/ericchen/code/fakerio/app/controllers/application_controller.rb": [
        1,
        null,
        null,
        1,
        null
      ],
      "/Users/ericchen/code/fakerio/app/controllers/api/v1/internet/emails_controller.rb": [
        1,
        null,
        null,
        null,
        1,
        2,
        2,
        2,
        11,
        null,
        null,
        2,
        null,
        null
      ],
      "/Users/ericchen/code/fakerio/app/controllers/home_controller.rb": [
        1,
        1,
        null,
        null
      ],
      "/Users/ericchen/code/fakerio/app/models/person.rb": [
        1,
        null,
        1,
        null,
        1,
        22,
        22,
        22,
        22,
        22,
        22,
        22,
        22,
        22,
        null,
        null,
        1,
        22,
        null,
        null,
        null
      ],
      "/Users/ericchen/code/fakerio/app/controllers/api/v1/people_controller.rb": [
        1,
        null,
        1,
        3,
        3,
        3,
        3,
        3,
        21,
        null,
        null,
        3,
        null,
        null,
        null
      ]
    },
    "timestamp": 1402463041
  }
}
